2014-11-20 22:12:38,902 [Worker-4] INFO  o.e.m.c.i.l.LifecycleMappingFactory - Using NULL lifecycle mapping for MavenProject: helter:build:0.0.1-SNAPSHOT @ /home/cm460t/workspace/github/poc/osgi_embedded_dep/helter/pom.xml.
2014-11-20 22:12:38,910 [Worker-4] INFO  o.e.m.c.i.l.LifecycleMappingFactory - Using NULL lifecycle mapping for MavenProject: helter.osgi:build:0.0.1-SNAPSHOT @ /home/cm460t/workspace/github/poc/osgi_embedded_dep/helter/osgi/pom.xml.
2014-11-20 22:12:38,918 [Worker-4] INFO  o.e.m.c.i.l.LifecycleMappingFactory - Using NULL lifecycle mapping for MavenProject: helter.osgi.util:build:0.0.1-SNAPSHOT @ /home/cm460t/workspace/github/poc/osgi_embedded_dep/helter/osgi/util/pom.xml.
2014-11-20 22:12:39,200 [Worker-4] INFO  o.e.m.c.i.l.LifecycleMappingFactory - Using DEFAULT lifecycle mapping for MavenProject: helter.osgi.util:jaxb.pool:0.0.1-SNAPSHOT @ /home/cm460t/workspace/github/poc/osgi_embedded_dep/helter/osgi/util/jaxb.pool/pom.xml.
2014-11-20 22:12:39,239 [Worker-4] INFO  o.e.m.c.i.l.LifecycleMappingFactory - Using DEFAULT lifecycle mapping for MavenProject: helter.osgi.util:use.jaxb.pool:0.0.1-SNAPSHOT @ /home/cm460t/workspace/github/poc/osgi_embedded_dep/helter/osgi/util/use.jaxb.pool/pom.xml.
2014-11-20 22:12:39,269 [Worker-4] INFO  o.e.m.c.i.l.LifecycleMappingFactory - Using org.eclipse.m2e.jdt.JarLifecycleMapping lifecycle mapping for MavenProject: helter.osgi.util:embedded:0.0.1-SNAPSHOT @ /home/cm460t/workspace/github/poc/osgi_embedded_dep/helter/osgi/util/embedded/pom.xml.
2014-11-20 22:12:39,274 [Worker-4] INFO  o.e.m.c.i.l.LifecycleMappingFactory - Using NULL lifecycle mapping for MavenProject: helter.packaging:build:0.0.1-SNAPSHOT @ /home/cm460t/workspace/github/poc/osgi_embedded_dep/helter/packaging/pom.xml.
2014-11-20 22:12:39,341 [Worker-4] INFO  o.e.m.c.i.l.LifecycleMappingFactory - Using org.eclipse.m2e.jdt.JarLifecycleMapping lifecycle mapping for MavenProject: helter.packaging:sample:0.0.1-SNAPSHOT @ /home/cm460t/workspace/github/poc/osgi_embedded_dep/helter/packaging/sample/pom.xml.
2014-11-20 22:12:39,983 [Worker-4] INFO  o.e.m.j.i.AbstractJavaProjectConfigurator - Adding source folder /helter.osgi.util.embedded/src/main/java
2014-11-20 22:12:39,985 [Worker-4] INFO  o.e.m.j.i.AbstractJavaProjectConfigurator - Adding source folder /helter.osgi.util.embedded/src/test/java
2014-11-20 22:12:40,518 [Worker-4] INFO  n.t.m.s.i.ProjectSettingsConfigurator - Could not set eclipse settings, consider org.apache.maven.plugins:maven-eclipse-plugin!
2014-11-20 22:12:40,711 [Worker-4] INFO  o.e.m.j.i.AbstractJavaProjectConfigurator - Adding source folder /helter.osgi.util.jaxb.pool/src/main/java
2014-11-20 22:12:40,713 [Worker-4] INFO  o.e.m.j.i.AbstractJavaProjectConfigurator - Adding source folder /helter.osgi.util.jaxb.pool/src/test/java
2014-11-20 22:12:40,737 [Worker-4] INFO  n.t.m.s.i.ProjectSettingsConfigurator - Could not set eclipse settings, consider org.apache.maven.plugins:maven-eclipse-plugin!
2014-11-20 22:12:40,768 [Worker-4] INFO  o.e.m.j.i.AbstractJavaProjectConfigurator - Adding source folder /helter.osgi.util.use.jaxb.pool/src/main/java
2014-11-20 22:12:40,769 [Worker-4] INFO  o.e.m.j.i.AbstractJavaProjectConfigurator - Adding source folder /helter.osgi.util.use.jaxb.pool/src/test/java
2014-11-20 22:12:40,795 [Worker-4] INFO  n.t.m.s.i.ProjectSettingsConfigurator - Could not set eclipse settings, consider org.apache.maven.plugins:maven-eclipse-plugin!
2014-11-20 22:12:40,831 [Worker-5] INFO  o.e.m.c.i.l.LifecycleMappingFactory - Using NULL lifecycle mapping for MavenProject: helter:build:0.0.1-SNAPSHOT @ /home/cm460t/workspace/github/poc/osgi_embedded_dep/helter/pom.xml.
2014-11-20 22:12:40,834 [Worker-5] INFO  o.e.m.c.i.l.LifecycleMappingFactory - Using NULL lifecycle mapping for MavenProject: helter.packaging:build:0.0.1-SNAPSHOT @ /home/cm460t/workspace/github/poc/osgi_embedded_dep/helter/packaging/pom.xml.
2014-11-20 22:12:40,836 [Worker-5] INFO  o.e.m.c.i.l.LifecycleMappingFactory - Using NULL lifecycle mapping for MavenProject: helter.osgi:build:0.0.1-SNAPSHOT @ /home/cm460t/workspace/github/poc/osgi_embedded_dep/helter/osgi/pom.xml.
2014-11-20 22:12:40,900 [Worker-4] INFO  o.e.m.j.i.AbstractJavaProjectConfigurator - Adding source folder /helter.packaging.sample/src/main/java
2014-11-20 22:12:40,901 [Worker-4] INFO  o.e.m.j.i.AbstractJavaProjectConfigurator - Adding resource folder /helter.packaging.sample/src/main/resources
2014-11-20 22:12:40,903 [Worker-4] INFO  o.e.m.j.i.AbstractJavaProjectConfigurator - Adding source folder /helter.packaging.sample/src/test/java
2014-11-20 22:12:40,904 [Worker-5] INFO  o.e.m.c.i.l.LifecycleMappingFactory - Using org.eclipse.m2e.jdt.JarLifecycleMapping lifecycle mapping for MavenProject: helter.packaging:sample:0.0.1-SNAPSHOT @ /home/cm460t/workspace/github/poc/osgi_embedded_dep/helter/packaging/sample/pom.xml.
2014-11-20 22:12:40,934 [Worker-4] INFO  n.t.m.s.i.ProjectSettingsConfigurator - Could not set eclipse settings, consider org.apache.maven.plugins:maven-eclipse-plugin!
2014-11-20 22:12:40,945 [Worker-4] INFO  o.e.m.c.i.p.ProjectConfigurationManager - Imported and configured 8 project(s) in 2 sec
2014-11-20 22:12:40,947 [Worker-5] INFO  o.e.m.c.i.l.LifecycleMappingFactory - Using NULL lifecycle mapping for MavenProject: helter.osgi.util:build:0.0.1-SNAPSHOT @ /home/cm460t/workspace/github/poc/osgi_embedded_dep/helter/osgi/util/pom.xml.
2014-11-20 22:12:40,984 [Worker-5] INFO  o.e.m.c.i.l.LifecycleMappingFactory - Using DEFAULT lifecycle mapping for MavenProject: helter.osgi.util:jaxb.pool:0.0.1-SNAPSHOT @ /home/cm460t/workspace/github/poc/osgi_embedded_dep/helter/osgi/util/jaxb.pool/pom.xml.
2014-11-20 22:12:41,183 [Worker-5] INFO  o.e.m.c.i.l.LifecycleMappingFactory - Using org.eclipse.m2e.jdt.JarLifecycleMapping lifecycle mapping for MavenProject: helter.osgi.util:embedded:0.0.1-SNAPSHOT @ /home/cm460t/workspace/github/poc/osgi_embedded_dep/helter/osgi/util/embedded/pom.xml.
2014-11-20 22:12:41,213 [Worker-5] INFO  o.e.m.c.i.l.LifecycleMappingFactory - Using DEFAULT lifecycle mapping for MavenProject: helter.osgi.util:use.jaxb.pool:0.0.1-SNAPSHOT @ /home/cm460t/workspace/github/poc/osgi_embedded_dep/helter/osgi/util/use.jaxb.pool/pom.xml.
2014-11-20 22:12:41,341 [Worker-5] INFO  o.e.m.c.i.l.LifecycleMappingFactory - Using NULL lifecycle mapping for MavenProject: helter.osgi:build:0.0.1-SNAPSHOT @ /home/cm460t/workspace/github/poc/osgi_embedded_dep/helter/osgi/pom.xml.
2014-11-20 22:12:41,410 [Worker-5] INFO  o.e.m.c.i.l.LifecycleMappingFactory - Using NULL lifecycle mapping for MavenProject: helter.osgi.util:build:0.0.1-SNAPSHOT @ /home/cm460t/workspace/github/poc/osgi_embedded_dep/helter/osgi/util/pom.xml.
2014-11-20 22:12:41,490 [Worker-5] INFO  o.e.m.c.i.l.LifecycleMappingFactory - Using DEFAULT lifecycle mapping for MavenProject: helter.osgi.util:jaxb.pool:0.0.1-SNAPSHOT @ /home/cm460t/workspace/github/poc/osgi_embedded_dep/helter/osgi/util/jaxb.pool/pom.xml.
2014-11-20 22:12:41,522 [Worker-5] INFO  o.e.m.c.i.l.LifecycleMappingFactory - Using org.eclipse.m2e.jdt.JarLifecycleMapping lifecycle mapping for MavenProject: helter.osgi.util:embedded:0.0.1-SNAPSHOT @ /home/cm460t/workspace/github/poc/osgi_embedded_dep/helter/osgi/util/embedded/pom.xml.
2014-11-20 22:12:41,555 [Worker-5] INFO  o.e.m.c.i.l.LifecycleMappingFactory - Using DEFAULT lifecycle mapping for MavenProject: helter.osgi.util:use.jaxb.pool:0.0.1-SNAPSHOT @ /home/cm460t/workspace/github/poc/osgi_embedded_dep/helter/osgi/util/use.jaxb.pool/pom.xml.
2014-11-20 22:12:41,624 [Worker-5] INFO  o.e.m.c.i.l.LifecycleMappingFactory - Using NULL lifecycle mapping for MavenProject: helter.osgi.util:build:0.0.1-SNAPSHOT @ /home/cm460t/workspace/github/poc/osgi_embedded_dep/helter/osgi/util/pom.xml.
2014-11-20 22:12:41,655 [Worker-5] INFO  o.e.m.c.i.l.LifecycleMappingFactory - Using DEFAULT lifecycle mapping for MavenProject: helter.osgi.util:jaxb.pool:0.0.1-SNAPSHOT @ /home/cm460t/workspace/github/poc/osgi_embedded_dep/helter/osgi/util/jaxb.pool/pom.xml.
2014-11-20 22:12:41,685 [Worker-5] INFO  o.e.m.c.i.l.LifecycleMappingFactory - Using org.eclipse.m2e.jdt.JarLifecycleMapping lifecycle mapping for MavenProject: helter.osgi.util:embedded:0.0.1-SNAPSHOT @ /home/cm460t/workspace/github/poc/osgi_embedded_dep/helter/osgi/util/embedded/pom.xml.
2014-11-20 22:12:41,716 [Worker-5] INFO  o.e.m.c.i.l.LifecycleMappingFactory - Using DEFAULT lifecycle mapping for MavenProject: helter.osgi.util:use.jaxb.pool:0.0.1-SNAPSHOT @ /home/cm460t/workspace/github/poc/osgi_embedded_dep/helter/osgi/util/use.jaxb.pool/pom.xml.
2014-11-20 22:12:41,758 [Worker-5] INFO  o.e.m.c.i.l.LifecycleMappingFactory - Using org.eclipse.m2e.jdt.JarLifecycleMapping lifecycle mapping for MavenProject: helter.osgi.util:embedded:0.0.1-SNAPSHOT @ /home/cm460t/workspace/github/poc/osgi_embedded_dep/helter/osgi/util/embedded/pom.xml.
2014-11-20 22:12:41,808 [Worker-5] INFO  o.e.m.c.i.l.LifecycleMappingFactory - Using DEFAULT lifecycle mapping for MavenProject: helter.osgi.util:jaxb.pool:0.0.1-SNAPSHOT @ /home/cm460t/workspace/github/poc/osgi_embedded_dep/helter/osgi/util/jaxb.pool/pom.xml.
2014-11-20 22:12:41,854 [Worker-5] INFO  o.e.m.c.i.l.LifecycleMappingFactory - Using DEFAULT lifecycle mapping for MavenProject: helter.osgi.util:use.jaxb.pool:0.0.1-SNAPSHOT @ /home/cm460t/workspace/github/poc/osgi_embedded_dep/helter/osgi/util/use.jaxb.pool/pom.xml.
2014-11-20 22:12:41,902 [Worker-5] INFO  o.e.m.c.i.l.LifecycleMappingFactory - Using NULL lifecycle mapping for MavenProject: helter.packaging:build:0.0.1-SNAPSHOT @ /home/cm460t/workspace/github/poc/osgi_embedded_dep/helter/packaging/pom.xml.
2014-11-20 22:12:41,957 [Worker-5] INFO  o.e.m.c.i.l.LifecycleMappingFactory - Using org.eclipse.m2e.jdt.JarLifecycleMapping lifecycle mapping for MavenProject: helter.packaging:sample:0.0.1-SNAPSHOT @ /home/cm460t/workspace/github/poc/osgi_embedded_dep/helter/packaging/sample/pom.xml.
2014-11-20 22:12:42,007 [Worker-5] INFO  o.e.m.c.i.l.LifecycleMappingFactory - Using org.eclipse.m2e.jdt.JarLifecycleMapping lifecycle mapping for MavenProject: helter.packaging:sample:0.0.1-SNAPSHOT @ /home/cm460t/workspace/github/poc/osgi_embedded_dep/helter/packaging/sample/pom.xml.
2014-11-20 22:12:42,596 [Worker-0] INFO  o.e.m.c.i.embedder.EclipseLogger - Using 'UTF-8' encoding to copy filtered resources.
2014-11-20 22:12:42,596 [Worker-0] INFO  o.e.m.c.i.embedder.EclipseLogger - skip non existing resourceDirectory /home/cm460t/workspace/github/poc/osgi_embedded_dep/helter/osgi/util/embedded/src/main/resources
2014-11-20 22:12:42,599 [Worker-0] INFO  o.e.m.c.i.embedder.EclipseLogger - Using 'UTF-8' encoding to copy filtered resources.
2014-11-20 22:12:42,599 [Worker-0] INFO  o.e.m.c.i.embedder.EclipseLogger - skip non existing resourceDirectory /home/cm460t/workspace/github/poc/osgi_embedded_dep/helter/osgi/util/embedded/src/test/resources
2014-11-20 22:12:42,693 [Worker-0] INFO  o.e.m.c.i.embedder.EclipseLogger - Using 'UTF-8' encoding to copy filtered resources.
2014-11-20 22:12:42,693 [Worker-0] INFO  o.e.m.c.i.embedder.EclipseLogger - skip non existing resourceDirectory /home/cm460t/workspace/github/poc/osgi_embedded_dep/helter/osgi/util/jaxb.pool/src/main/resources
2014-11-20 22:12:42,696 [Worker-0] INFO  o.e.m.c.i.embedder.EclipseLogger - Using 'UTF-8' encoding to copy filtered resources.
2014-11-20 22:12:42,696 [Worker-0] INFO  o.e.m.c.i.embedder.EclipseLogger - skip non existing resourceDirectory /home/cm460t/workspace/github/poc/osgi_embedded_dep/helter/osgi/util/jaxb.pool/src/test/resources
2014-11-20 22:12:42,746 [Worker-0] INFO  o.e.m.c.i.embedder.EclipseLogger - Using 'UTF-8' encoding to copy filtered resources.
2014-11-20 22:12:42,746 [Worker-0] INFO  o.e.m.c.i.embedder.EclipseLogger - skip non existing resourceDirectory /home/cm460t/workspace/github/poc/osgi_embedded_dep/helter/osgi/util/use.jaxb.pool/src/main/resources
2014-11-20 22:12:42,747 [Worker-0] INFO  o.e.m.c.i.embedder.EclipseLogger - Using 'UTF-8' encoding to copy filtered resources.
2014-11-20 22:12:42,747 [Worker-0] INFO  o.e.m.c.i.embedder.EclipseLogger - skip non existing resourceDirectory /home/cm460t/workspace/github/poc/osgi_embedded_dep/helter/osgi/util/use.jaxb.pool/src/test/resources
2014-11-20 22:12:42,811 [Worker-0] INFO  o.e.m.c.i.embedder.EclipseLogger - Using 'UTF-8' encoding to copy filtered resources.
2014-11-20 22:12:42,815 [Worker-0] INFO  o.e.m.c.i.embedder.EclipseLogger - Copying 0 resource
2014-11-20 22:12:42,817 [Worker-0] INFO  o.e.m.c.i.embedder.EclipseLogger - Using 'UTF-8' encoding to copy filtered resources.
2014-11-20 22:12:42,817 [Worker-0] INFO  o.e.m.c.i.embedder.EclipseLogger - skip non existing resourceDirectory /home/cm460t/workspace/github/poc/osgi_embedded_dep/helter/packaging/sample/src/test/resources
2014-11-20 22:12:59,936 [Worker-3] INFO  o.e.m.c.i.embedder.EclipseLogger - Using 'UTF-8' encoding to copy filtered resources.
2014-11-20 22:12:59,936 [Worker-3] INFO  o.e.m.c.i.embedder.EclipseLogger - skip non existing resourceDirectory /home/cm460t/workspace/github/poc/osgi_embedded_dep/helter/osgi/util/jaxb.pool/src/main/resources
2014-11-20 22:12:59,937 [Worker-3] INFO  o.e.m.c.i.embedder.EclipseLogger - Using 'UTF-8' encoding to copy filtered resources.
2014-11-20 22:12:59,937 [Worker-3] INFO  o.e.m.c.i.embedder.EclipseLogger - skip non existing resourceDirectory /home/cm460t/workspace/github/poc/osgi_embedded_dep/helter/osgi/util/jaxb.pool/src/test/resources
2014-11-20 22:12:59,957 [Worker-3] INFO  o.e.m.c.i.embedder.EclipseLogger - Using 'UTF-8' encoding to copy filtered resources.
2014-11-20 22:12:59,957 [Worker-3] INFO  o.e.m.c.i.embedder.EclipseLogger - skip non existing resourceDirectory /home/cm460t/workspace/github/poc/osgi_embedded_dep/helter/osgi/util/use.jaxb.pool/src/main/resources
2014-11-20 22:12:59,958 [Worker-3] INFO  o.e.m.c.i.embedder.EclipseLogger - Using 'UTF-8' encoding to copy filtered resources.
2014-11-20 22:12:59,958 [Worker-3] INFO  o.e.m.c.i.embedder.EclipseLogger - skip non existing resourceDirectory /home/cm460t/workspace/github/poc/osgi_embedded_dep/helter/osgi/util/use.jaxb.pool/src/test/resources
